Content-Type: multipart/alternative;
 boundary="===============7626966977886006728=="
MIME-Version: 1.0
Subject: Profile activation
From: test@example.com
To: wieger.bontekoe@gmail.com
Date: Fri, 11 Sep 2020 02:21:45 -0000
Message-ID: <159979090542.3357.846739611697547102@DESKTOP-V8IHLMA.localdomain>

--===============7626966977886006728==
Content-Type: text/plain; charset="utf-8"
MIME-Version: 1.0
Content-Transfer-Encoding: 7bit



To activate your profile, please follow this link:

http://172.21.218.124:8080/accounts/activate/GBd4OoojpAGSwmkExtFG/

--===============7626966977886006728==
Content-Type: text/html; charset="utf-8"
MIME-Version: 1.0
Content-Transfer-Encoding: 7bit



<!DOCTYPE html PUBLIC "-//W3C//DTD XHTML 1.0 Transitional//EN"
        "http://www.w3.org/TR/xhtml1/DTD/xhtml1-transitional.dtd">
<html xmlns="http://www.w3.org/1999/xhtml">
<head>
    <meta http-equiv="Content-Type" content="text/html; charset=UTF-8"/>
    <title>Profile activation</title>
    <meta name="viewport" content="width=device-width, initial-scale=1.0"/>
</head>

<body>

<p>
    To activate your profile, please follow this link:
</p>

<p>
    <a href="http://172.21.218.124:8080/accounts/activate/GBd4OoojpAGSwmkExtFG/">http://172.21.218.124:8080/accounts/activate/GBd4OoojpAGSwmkExtFG/</a>
</p>

</body>

</html>

--===============7626966977886006728==--

-------------------------------------------------------------------------------
